#-----------------------------------------------------------
# Vivado v2023.1 (64-bit)
# SW Build 3865809 on Sun May  7 15:05:29 MDT 2023
# IP Build 3864474 on Sun May  7 20:36:21 MDT 2023
# SharedData Build 3865790 on Sun May 07 13:33:03 MDT 2023
# Start of session at: Wed Mar 13 22:15:00 2024
# Process ID: 13452
# Current directory: C:/Users/jaeha/OneDrive - Singapore University of Technology and Design/SEM 6/Digital System Lab/Week 6/CMod_HandsOn_Stopwatch
# Command line: vivado.exe -gui_launcher_event rodinguilauncherevent21744 C:\Users\jaeha\OneDrive - Singapore University of Technology and Design\SEM 6\Digital System Lab\Week 6\CMod_HandsOn_Stopwatch\CMod_HandsOn_Stopwatch.xpr
# Log file: C:/Users/jaeha/OneDrive - Singapore University of Technology and Design/SEM 6/Digital System Lab/Week 6/CMod_HandsOn_Stopwatch/vivado.log
# Journal file: C:/Users/jaeha/OneDrive - Singapore University of Technology and Design/SEM 6/Digital System Lab/Week 6/CMod_HandsOn_Stopwatch\vivado.jou
# Running On: LAPTOP-Q680ES50, OS: Windows, CPU Frequency: 3294 MHz, CPU Physical cores: 12, Host memory: 7897 MB
#-----------------------------------------------------------
start_gui
open_project {C:/Users/jaeha/OneDrive - Singapore University of Technology and Design/SEM 6/Digital System Lab/Week 6/CMod_HandsOn_Stopwatch/CMod_HandsOn_Stopwatch.xpr}
INFO: [ProjectBase 1-489] The host OS only allows 260 characters in a normal path. The project is stored in a path with more than 80 characters. If you experience issues with IP, Block Designs, or files not being found, please consider moving the project to a location with a shorter path. Alternately consider using the OS subst command to map part of the path to a drive letter.
Current project path is 'C:/Users/jaeha/OneDrive - Singapore University of Technology and Design/SEM 6/Digital System Lab/Week 6/CMod_HandsOn_Stopwatch'
INFO: [filemgmt 56-3] Default IP Output Path : Could not find the directory 'C:/Users/jaeha/OneDrive - Singapore University of Technology and Design/SEM 6/Digital System Lab/Week 6/CMod_HandsOn_Stopwatch/CMod_HandsOn_Stopwatch.gen/sources_1'.
Scanning sources...
Finished scanning sources
WARNING: [Board 49-26] cannot add Board Part xilinx.com:k26c:part0:1.2 available at C:/Xilinx/Vivado/2023.1/data/xhub/boards/XilinxBoardStore/boards/Xilinx/k26c/1.2/board.xml as part xck26-sfvc784-2lv-c specified in board_part file is either invalid or not available
WARNING: [Board 49-26] cannot add Board Part xilinx.com:k26c:part0:1.3 available at C:/Xilinx/Vivado/2023.1/data/xhub/boards/XilinxBoardStore/boards/Xilinx/k26c/1.3/board.xml as part xck26-sfvc784-2lv-c specified in board_part file is either invalid or not available
WARNING: [Board 49-26] cannot add Board Part xilinx.com:k26c:part0:1.4 available at C:/Xilinx/Vivado/2023.1/data/xhub/boards/XilinxBoardStore/boards/Xilinx/k26c/1.4/board.xml as part xck26-sfvc784-2lv-c specified in board_part file is either invalid or not available
WARNING: [Board 49-26] cannot add Board Part xilinx.com:k26i:part0:1.2 available at C:/Xilinx/Vivado/2023.1/data/xhub/boards/XilinxBoardStore/boards/Xilinx/k26i/1.2/board.xml as part xck26-sfvc784-2lvi-i specified in board_part file is either invalid or not available
WARNING: [Board 49-26] cannot add Board Part xilinx.com:k26i:part0:1.3 available at C:/Xilinx/Vivado/2023.1/data/xhub/boards/XilinxBoardStore/boards/Xilinx/k26i/1.3/board.xml as part xck26-sfvc784-2lvi-i specified in board_part file is either invalid or not available
WARNING: [Board 49-26] cannot add Board Part xilinx.com:k26i:part0:1.4 available at C:/Xilinx/Vivado/2023.1/data/xhub/boards/XilinxBoardStore/boards/Xilinx/k26i/1.4/board.xml as part xck26-sfvc784-2lvi-i specified in board_part file is either invalid or not available
WARNING: [Board 49-26] cannot add Board Part xilinx.com:kc705:part0:1.6 available at C:/Xilinx/Vivado/2023.1/data/xhub/boards/XilinxBoardStore/boards/Xilinx/kc705/1.6/board.xml as part xc7k325tffg900-2 specified in board_part file is either invalid or not available
WARNING: [Board 49-26] cannot add Board Part xilinx.com:kcu105:part0:1.6 available at C:/Xilinx/Vivado/2023.1/data/xhub/boards/XilinxBoardStore/boards/Xilinx/kcu105/1.6/board.xml as part xcku040-ffva1156-2-e specified in board_part file is either invalid or not available
WARNING: [Board 49-26] cannot add Board Part xilinx.com:kcu105:part0:1.7 available at C:/Xilinx/Vivado/2023.1/data/xhub/boards/XilinxBoardStore/boards/Xilinx/kcu105/1.7/board.xml as part xcku040-ffva1156-2-e specified in board_part file is either invalid or not available
WARNING: [Board 49-26] cannot add Board Part xilinx.com:kcu116:part0:1.4 available at C:/Xilinx/Vivado/2023.1/data/xhub/boards/XilinxBoardStore/boards/Xilinx/kcu116/1.4/board.xml as part xcku5p-ffvb676-2-e specified in board_part file is either invalid or not available
WARNING: [Board 49-26] cannot add Board Part xilinx.com:kcu116:part0:1.5 available at C:/Xilinx/Vivado/2023.1/data/xhub/boards/XilinxBoardStore/boards/Xilinx/kcu116/1.5/board.xml as part xcku5p-ffvb676-2-e specified in board_part file is either invalid or not available
WARNING: [Board 49-26] cannot add Board Part xilinx.com:kcu1500:part0:1.2 available at C:/Xilinx/Vivado/2023.1/data/xhub/boards/XilinxBoardStore/boards/Xilinx/kcu1500/1.2/board.xml as part xcku115-flvb2104-2-e specified in board_part file is either invalid or not available
WARNING: [Board 49-26] cannot add Board Part xilinx.com:kr260_som:part0:1.0 available at C:/Xilinx/Vivado/2023.1/data/xhub/boards/XilinxBoardStore/boards/Xilinx/kr260_som/1.0/board.xml as part xck26-sfvc784-2lv-c specified in board_part file is either invalid or not available
WARNING: [Board 49-26] cannot add Board Part xilinx.com:kr260_som:part0:1.1 available at C:/Xilinx/Vivado/2023.1/data/xhub/boards/XilinxBoardStore/boards/Xilinx/kr260_som/1.1/board.xml as part xck26-sfvc784-2lv-c specified in board_part file is either invalid or not available
WARNING: [Board 49-26] cannot add Board Part xilinx.com:kv260_som:part0:1.2 available at C:/Xilinx/Vivado/2023.1/data/xhub/boards/XilinxBoardStore/boards/Xilinx/kv260_som/1.2/board.xml as part xck26-sfvc784-2lv-c specified in board_part file is either invalid or not available
WARNING: [Board 49-26] cannot add Board Part xilinx.com:kv260_som:part0:1.3 available at C:/Xilinx/Vivado/2023.1/data/xhub/boards/XilinxBoardStore/boards/Xilinx/kv260_som/1.3/board.xml as part xck26-sfvc784-2lv-c specified in board_part file is either invalid or not available
WARNING: [Board 49-26] cannot add Board Part xilinx.com:kv260_som:part0:1.4 available at C:/Xilinx/Vivado/2023.1/data/xhub/boards/XilinxBoardStore/boards/Xilinx/kv260_som/1.4/board.xml as part xck26-sfvc784-2lv-c specified in board_part file is either invalid or not available
WARNING: [Board 49-26] cannot add Board Part xilinx.com:sp701:part0:1.0 available at C:/Xilinx/Vivado/2023.1/data/xhub/boards/XilinxBoardStore/boards/Xilinx/sp701/1.0/board.xml as part xc7s100fgga676-2 specified in board_part file is either invalid or not available
WARNING: [Board 49-26] cannot add Board Part xilinx.com:sp701:part0:1.1 available at C:/Xilinx/Vivado/2023.1/data/xhub/boards/XilinxBoardStore/boards/Xilinx/sp701/1.1/board.xml as part xc7s100fgga676-2 specified in board_part file is either invalid or not available
WARNING: [Board 49-26] cannot add Board Part xilinx.com:vc707:part0:1.4 available at C:/Xilinx/Vivado/2023.1/data/xhub/boards/XilinxBoardStore/boards/Xilinx/vc707/1.4/board.xml as part xc7vx485tffg1761-2 specified in board_part file is either invalid or not available
WARNING: [Board 49-26] cannot add Board Part xilinx.com:vc709:part0:1.8 available at C:/Xilinx/Vivado/2023.1/data/xhub/boards/XilinxBoardStore/boards/Xilinx/vc709/1.8/board.xml as part xc7vx690tffg1761-2 specified in board_part file is either invalid or not available
WARNING: [Board 49-26] cannot add Board Part xilinx.com:vck190:part0:2.2 available at C:/Xilinx/Vivado/2023.1/data/xhub/boards/XilinxBoardStore/boards/Xilinx/vck190/production/2.2/board.xml as part xcvc1902-vsva2197-2mp-e-s specified in board_part file is either invalid or not available
WARNING: [Board 49-26] cannot add Board Part xilinx.com:vck190:part0:3.0 available at C:/Xilinx/Vivado/2023.1/data/xhub/boards/XilinxBoardStore/boards/Xilinx/vck190/production/3.0/board.xml as part xcvc1902-vsva2197-2mp-e-s specified in board_part file is either invalid or not available
WARNING: [Board 49-26] cannot add Board Part xilinx.com:vck190:part0:3.1 available at C:/Xilinx/Vivado/2023.1/data/xhub/boards/XilinxBoardStore/boards/Xilinx/vck190/production/3.1/board.xml as part xcvc1902-vsva2197-2mp-e-s specified in board_part file is either invalid or not available
WARNING: [Board 49-26] cannot add Board Part xilinx.com:vck190:part0:3.2 available at C:/Xilinx/Vivado/2023.1/data/xhub/boards/XilinxBoardStore/boards/Xilinx/vck190/production/3.2/board.xml as part xcvc1902-vsva2197-2mp-e-s specified in board_part file is either invalid or not available
WARNING: [Board 49-26] cannot add Board Part xilinx.com:vck190_newl:part0:1.0 available at C:/Xilinx/Vivado/2023.1/data/xhub/boards/XilinxBoardStore/boards/Xilinx/vck190_newl/production/1.0/board.xml as part xcvc1902-vsva2197-2mp-e-s specified in board_part file is either invalid or not available
WARNING: [Board 49-26] cannot add Board Part xilinx.com:vck190_newl:part0:1.1 available at C:/Xilinx/Vivado/2023.1/data/xhub/boards/XilinxBoardStore/boards/Xilinx/vck190_newl/production/1.1/board.xml as part xcvc1902-vsva2197-2mp-e-s specified in board_part file is either invalid or not available
WARNING: [Board 49-26] cannot add Board Part xilinx.com:vcu108:part0:1.6 available at C:/Xilinx/Vivado/2023.1/data/xhub/boards/XilinxBoardStore/boards/Xilinx/vcu108/1.6/board.xml as part xcvu095-ffva2104-2-e specified in board_part file is either invalid or not available
WARNING: [Board 49-26] cannot add Board Part xilinx.com:vcu108:part0:1.7 available at C:/Xilinx/Vivado/2023.1/data/xhub/boards/XilinxBoardStore/boards/Xilinx/vcu108/1.7/board.xml as part xcvu095-ffva2104-2-e specified in board_part file is either invalid or not available
WARNING: [Board 49-26] cannot add Board Part xilinx.com:vcu110:part0:1.4 available at C:/Xilinx/Vivado/2023.1/data/xhub/boards/XilinxBoardStore/boards/Xilinx/vcu110/1.4/board.xml as part xcvu190-flgc2104-2-e specified in board_part file is either invalid or not available
WARNING: [Board 49-26] cannot add Board Part xilinx.com:vcu118:part0:2.0 available at C:/Xilinx/Vivado/2023.1/data/xhub/boards/XilinxBoardStore/boards/Xilinx/vcu118/2.0/board.xml as part xcvu9p-flga2104-2l-e specified in board_part file is either invalid or not available
WARNING: [Board 49-26] cannot add Board Part xilinx.com:vcu118:part0:2.3 available at C:/Xilinx/Vivado/2023.1/data/xhub/boards/XilinxBoardStore/boards/Xilinx/vcu118/2.3/board.xml as part xcvu9p-flga2104-2l-e specified in board_part file is either invalid or not available
WARNING: [Board 49-26] cannot add Board Part xilinx.com:vcu118:part0:2.4 available at C:/Xilinx/Vivado/2023.1/data/xhub/boards/XilinxBoardStore/boards/Xilinx/vcu118/2.4/board.xml as part xcvu9p-flga2104-2l-e specified in board_part file is either invalid or not available
WARNING: [Board 49-26] cannot add Board Part xilinx.com:vcu128:part0:1.0 available at C:/Xilinx/Vivado/2023.1/data/xhub/boards/XilinxBoardStore/boards/Xilinx/vcu128/production/1.0/board.xml as part xcvu37p-fsvh2892-2l-e specified in board_part file is either invalid or not available
WARNING: [Board 49-26] cannot add Board Part xilinx.com:vcu129:part0:1.0 available at C:/Xilinx/Vivado/2023.1/data/xhub/boards/XilinxBoardStore/boards/Xilinx/vcu129/production/1.0/board.xml as part xcvu29p-fsga2577-2l-e specified in board_part file is either invalid or not available
WARNING: [Board 49-26] cannot add Board Part xilinx.com:vcu1525:part0:1.3 available at C:/Xilinx/Vivado/2023.1/data/xhub/boards/XilinxBoardStore/boards/Xilinx/vcu1525/1.3/board.xml as part xcvu9p-fsgd2104-2l-e specified in board_part file is either invalid or not available
WARNING: [Board 49-26] cannot add Board Part xilinx.com:vek280_es:part0:1.0 available at C:/Xilinx/Vivado/2023.1/data/xhub/boards/XilinxBoardStore/boards/Xilinx/vek280/es/rev_a/1.0/board.xml as part xcve2802-vsvh1760-2lp-e-s-es1 specified in board_part file is either invalid or not available
WARNING: [Board 49-26] cannot add Board Part xilinx.com:vek280_es:part0:1.1 available at C:/Xilinx/Vivado/2023.1/data/xhub/boards/XilinxBoardStore/boards/Xilinx/vek280/es/rev_a/1.1/board.xml as part xcve2802-vsvh1760-2lp-e-s-es1 specified in board_part file is either invalid or not available
WARNING: [Board 49-26] cannot add Board Part xilinx.com:vek280_es_revb:part0:1.0 available at C:/Xilinx/Vivado/2023.1/data/xhub/boards/XilinxBoardStore/boards/Xilinx/vek280/es/rev_b/1.0/board.xml as part xcve2802-vsvh1760-2mp-e-s-es1 specified in board_part file is either invalid or not available
WARNING: [Board 49-26] cannot add Board Part xilinx.com:vek280_es_revb:part0:1.1 available at C:/Xilinx/Vivado/2023.1/data/xhub/boards/XilinxBoardStore/boards/Xilinx/vek280/es/rev_b/1.1/board.xml as part xcve2802-vsvh1760-2mp-e-s-es1 specified in board_part file is either invalid or not available
WARNING: [Board 49-26] cannot add Board Part xilinx.com:vermeo_t1_mpsoc:part0:1.0 available at C:/Xilinx/Vivado/2023.1/data/xhub/boards/XilinxBoardStore/boards/Xilinx/vermeo_t1_mpsoc/1.0/board.xml as part xczu19eg-ffvd1760-2l-e specified in board_part file is either invalid or not available
WARNING: [Board 49-26] cannot add Board Part xilinx.com:vermeo_t1_rfsoc:part0:1.0 available at C:/Xilinx/Vivado/2023.1/data/xhub/boards/XilinxBoardStore/boards/Xilinx/vermeo_t1_rfsoc/1.0/board.xml as part xczu21dr-ffvd1156-2l-e specified in board_part file is either invalid or not available
WARNING: [Board 49-26] cannot add Board Part xilinx.com:vhk158:part0:1.0 available at C:/Xilinx/Vivado/2023.1/data/xhub/boards/XilinxBoardStore/boards/Xilinx/vhk158/production/1.0/board.xml as part xcvh1582-vsva3697-2mp-e-s specified in board_part file is either invalid or not available
WARNING: [Board 49-26] cannot add Board Part xilinx.com:vhk158_es:part0:1.0 available at C:/Xilinx/Vivado/2023.1/data/xhub/boards/XilinxBoardStore/boards/Xilinx/vhk158/es/1.0/board.xml as part xcvh1582-vsva3697-2mp-e-s-es1 specified in board_part file is either invalid or not available
WARNING: [Board 49-26] cannot add Board Part xilinx.com:vhk158_es:part0:1.1 available at C:/Xilinx/Vivado/2023.1/data/xhub/boards/XilinxBoardStore/boards/Xilinx/vhk158/es/1.1/board.xml as part xcvh1582-vsva3697-2mp-e-s-es1 specified in board_part file is either invalid or not available
WARNING: [Board 49-26] cannot add Board Part xilinx.com:vmk180:part0:2.2 available at C:/Xilinx/Vivado/2023.1/data/xhub/boards/XilinxBoardStore/boards/Xilinx/vmk180/production/2.2/board.xml as part xcvm1802-vsva2197-2mp-e-s specified in board_part file is either invalid or not available
WARNING: [Board 49-26] cannot add Board Part xilinx.com:vmk180:part0:3.0 available at C:/Xilinx/Vivado/2023.1/data/xhub/boards/XilinxBoardStore/boards/Xilinx/vmk180/production/3.0/board.xml as part xcvm1802-vsva2197-2mp-e-s specified in board_part file is either invalid or not available
WARNING: [Board 49-26] cannot add Board Part xilinx.com:vmk180:part0:3.1 available at C:/Xilinx/Vivado/2023.1/data/xhub/boards/XilinxBoardStore/boards/Xilinx/vmk180/production/3.1/board.xml as part xcvm1802-vsva2197-2mp-e-s specified in board_part file is either invalid or not available
WARNING: [Board 49-26] cannot add Board Part xilinx.com:vmk180:part0:3.2 available at C:/Xilinx/Vivado/2023.1/data/xhub/boards/XilinxBoardStore/boards/Xilinx/vmk180/production/3.2/board.xml as part xcvm1802-vsva2197-2mp-e-s specified in board_part file is either invalid or not available
WARNING: [Board 49-26] cannot add Board Part xilinx.com:vmk180_newl:part0:1.0 available at C:/Xilinx/Vivado/2023.1/data/xhub/boards/XilinxBoardStore/boards/Xilinx/vmk180_newl/production/1.0/board.xml as part xcvm1802-vsva2197-2mp-e-s specified in board_part file is either invalid or not available
WARNING: [Board 49-26] cannot add Board Part xilinx.com:vmk180_newl:part0:1.1 available at C:/Xilinx/Vivado/2023.1/data/xhub/boards/XilinxBoardStore/boards/Xilinx/vmk180_newl/production/1.1/board.xml as part xcvm1802-vsva2197-2mp-e-s specified in board_part file is either invalid or not available
WARNING: [Board 49-26] cannot add Board Part xilinx.com:vpk120:part0:1.0 available at C:/Xilinx/Vivado/2023.1/data/xhub/boards/XilinxBoardStore/boards/Xilinx/vpk120/production/1.0/board.xml as part xcvp1202-vsva2785-2mp-e-s specified in board_part file is either invalid or not available
WARNING: [Board 49-26] cannot add Board Part xilinx.com:vpk120:part0:1.1 available at C:/Xilinx/Vivado/2023.1/data/xhub/boards/XilinxBoardStore/boards/Xilinx/vpk120/production/1.1/board.xml as part xcvp1202-vsva2785-2mp-e-s specified in board_part file is either invalid or not available
WARNING: [Board 49-26] cannot add Board Part xilinx.com:vpk120_es:part0:1.2 available at C:/Xilinx/Vivado/2023.1/data/xhub/boards/XilinxBoardStore/boards/Xilinx/vpk120/es/1.2/board.xml as part xcvp1202-vsva2785-2mp-e-s-es1 specified in board_part file is either invalid or not available
WARNING: [Board 49-26] cannot add Board Part xilinx.com:vpk120_es:part0:1.3 available at C:/Xilinx/Vivado/2023.1/data/xhub/boards/XilinxBoardStore/boards/Xilinx/vpk120/es/1.3/board.xml as part xcvp1202-vsva2785-2mp-e-s-es1 specified in board_part file is either invalid or not available
WARNING: [Board 49-26] cannot add Board Part xilinx.com:vpk120_es_revb:part0:1.0 available at C:/Xilinx/Vivado/2023.1/data/xhub/boards/XilinxBoardStore/boards/Xilinx/vpk120_revb/es/1.0/board.xml as part xcvp1202-vsva2785-2mp-e-s-es1 specified in board_part file is either invalid or not available
WARNING: [Board 49-26] cannot add Board Part xilinx.com:vpk120_es_revb:part0:1.1 available at C:/Xilinx/Vivado/2023.1/data/xhub/boards/XilinxBoardStore/boards/Xilinx/vpk120_revb/es/1.1/board.xml as part xcvp1202-vsva2785-2mp-e-s-es1 specified in board_part file is either invalid or not available
WARNING: [Board 49-26] cannot add Board Part xilinx.com:vpk180:part0:1.0 available at C:/Xilinx/Vivado/2023.1/data/xhub/boards/XilinxBoardStore/boards/Xilinx/vpk180/production/1.0/board.xml as part xcvp1802-lsvc4072-2mp-e-s specified in board_part file is either invalid or not available
WARNING: [Board 49-26] cannot add Board Part xilinx.com:vpk180:part0:1.1 available at C:/Xilinx/Vivado/2023.1/data/xhub/boards/XilinxBoardStore/boards/Xilinx/vpk180/production/1.1/board.xml as part xcvp1802-lsvc4072-2mp-e-s specified in board_part file is either invalid or not available
WARNING: [Board 49-26] cannot add Board Part xilinx.com:vpk180_es:part0:1.0 available at C:/Xilinx/Vivado/2023.1/data/xhub/boards/XilinxBoardStore/boards/Xilinx/vpk180/es/1.0/board.xml as part xcvp1802-lsvc4072-2mp-e-s-es1 specified in board_part file is either invalid or not available
WARNING: [Board 49-26] cannot add Board Part xilinx.com:vpk180_es:part0:1.1 available at C:/Xilinx/Vivado/2023.1/data/xhub/boards/XilinxBoardStore/boards/Xilinx/vpk180/es/1.1/board.xml as part xcvp1802-lsvc4072-2mp-e-s-es1 specified in board_part file is either invalid or not available
WARNING: [Board 49-26] cannot add Board Part xilinx.com:zc702:part0:1.4 available at C:/Xilinx/Vivado/2023.1/data/xhub/boards/XilinxBoardStore/boards/Xilinx/zc702/1.4/board.xml as part xc7z020clg484-1 specified in board_part file is either invalid or not available
WARNING: [Board 49-26] cannot add Board Part xilinx.com:zc706:part0:1.4 available at C:/Xilinx/Vivado/2023.1/data/xhub/boards/XilinxBoardStore/boards/Xilinx/zc706/1.4/board.xml as part xc7z045ffg900-2 specified in board_part file is either invalid or not available
WARNING: [Board 49-26] cannot add Board Part xilinx.com:zcu102:part0:3.3 available at C:/Xilinx/Vivado/2023.1/data/xhub/boards/XilinxBoardStore/boards/Xilinx/zcu102/3.3/board.xml as part xczu9eg-ffvb1156-2-e specified in board_part file is either invalid or not available
WARNING: [Board 49-26] cannot add Board Part xilinx.com:zcu102:part0:3.4 available at C:/Xilinx/Vivado/2023.1/data/xhub/boards/XilinxBoardStore/boards/Xilinx/zcu102/3.4/board.xml as part xczu9eg-ffvb1156-2-e specified in board_part file is either invalid or not available
WARNING: [Board 49-26] cannot add Board Part xilinx.com:zcu104:part0:1.1 available at C:/Xilinx/Vivado/2023.1/data/xhub/boards/XilinxBoardStore/boards/Xilinx/zcu104/1.1/board.xml as part xczu7ev-ffvc1156-2-e specified in board_part file is either invalid or not available
WARNING: [Board 49-26] cannot add Board Part xilinx.com:zcu106:part0:2.4 available at C:/Xilinx/Vivado/2023.1/data/xhub/boards/XilinxBoardStore/boards/Xilinx/zcu106/2.4/board.xml as part xczu7ev-ffvc1156-2-e specified in board_part file is either invalid or not available
WARNING: [Board 49-26] cannot add Board Part xilinx.com:zcu106:part0:2.5 available at C:/Xilinx/Vivado/2023.1/data/xhub/boards/XilinxBoardStore/boards/Xilinx/zcu106/2.5/board.xml as part xczu7ev-ffvc1156-2-e specified in board_part file is either invalid or not available
WARNING: [Board 49-26] cannot add Board Part xilinx.com:zcu106:part0:2.6 available at C:/Xilinx/Vivado/2023.1/data/xhub/boards/XilinxBoardStore/boards/Xilinx/zcu106/2.6/board.xml as part xczu7ev-ffvc1156-2-e specified in board_part file is either invalid or not available
WARNING: [Board 49-26] cannot add Board Part xilinx.com:zcu111:part0:1.2 available at C:/Xilinx/Vivado/2023.1/data/xhub/boards/XilinxBoardStore/boards/Xilinx/zcu111/1.2/board.xml as part xczu28dr-ffvg1517-2-e specified in board_part file is either invalid or not available
WARNING: [Board 49-26] cannot add Board Part xilinx.com:zcu111:part0:1.3 available at C:/Xilinx/Vivado/2023.1/data/xhub/boards/XilinxBoardStore/boards/Xilinx/zcu111/1.3/board.xml as part xczu28dr-ffvg1517-2-e specified in board_part file is either invalid or not available
WARNING: [Board 49-26] cannot add Board Part xilinx.com:zcu111:part0:1.4 available at C:/Xilinx/Vivado/2023.1/data/xhub/boards/XilinxBoardStore/boards/Xilinx/zcu111/1.4/board.xml as part xczu28dr-ffvg1517-2-e specified in board_part file is either invalid or not available
WARNING: [Board 49-26] cannot add Board Part xilinx.com:zcu1275:part0:1.0 available at C:/Xilinx/Vivado/2023.1/data/xhub/boards/XilinxBoardStore/boards/Xilinx/zcu1275/1.0/board.xml as part xczu29dr-ffvf1760-2-e specified in board_part file is either invalid or not available
WARNING: [Board 49-26] cannot add Board Part xilinx.com:zcu1285:part0:1.0 available at C:/Xilinx/Vivado/2023.1/data/xhub/boards/XilinxBoardStore/boards/Xilinx/zcu1285/1.0/board.xml as part xczu39dr-ffvf1760-2-i specified in board_part file is either invalid or not available
WARNING: [Board 49-26] cannot add Board Part xilinx.com:zcu208:part0:2.0 available at C:/Xilinx/Vivado/2023.1/data/xhub/boards/XilinxBoardStore/boards/Xilinx/zcu208/production/2.0/board.xml as part xczu48dr-fsvg1517-2-e specified in board_part file is either invalid or not available
WARNING: [Board 49-26] cannot add Board Part xilinx.com:zcu208ld:part0:2.0 available at C:/Xilinx/Vivado/2023.1/data/xhub/boards/XilinxBoardStore/boards/Xilinx/zcu208ld/production/2.0/board.xml as part xczu58dr-fsvg1517-2-i specified in board_part file is either invalid or not available
WARNING: [Board 49-26] cannot add Board Part xilinx.com:zcu216:part0:2.0 available at C:/Xilinx/Vivado/2023.1/data/xhub/boards/XilinxBoardStore/boards/Xilinx/zcu216/production/2.0/board.xml as part xczu49dr-ffvf1760-2-e specified in board_part file is either invalid or not available
WARNING: [Board 49-26] cannot add Board Part xilinx.com:zcu216ld:part0:2.0 available at C:/Xilinx/Vivado/2023.1/data/xhub/boards/XilinxBoardStore/boards/Xilinx/zcu216ld/production/2.0/board.xml as part xczu59dr-ffvf1760-2-i specified in board_part file is either invalid or not available
WARNING: [Board 49-26] cannot add Board Part xilinx.com:zcu670:part0:2.0 available at C:/Xilinx/Vivado/2023.1/data/xhub/boards/XilinxBoardStore/boards/Xilinx/zcu670/2.0/board.xml as part xczu67dr-fsve1156-2-i specified in board_part file is either invalid or not available
WARNING: [Board 49-26] cannot add Board Part xilinx.com:zcu670ld:part0:1.0 available at C:/Xilinx/Vivado/2023.1/data/xhub/boards/XilinxBoardStore/boards/Xilinx/zcu670ld/1.0/board.xml as part xczu57dr-fsve1156-2-i specified in board_part file is either invalid or not available
INFO: [IP_Flow 19-234] Refreshing IP repositories
INFO: [IP_Flow 19-1704] No user IP repositories specified
INFO: [IP_Flow 19-2313] Loaded Vivado IP repository 'C:/Xilinx/Vivado/2023.1/data/ip'.
open_project: Time (s): cpu = 00:00:19 ; elapsed = 00:00:12 . Memory (MB): peak = 1455.617 ; gain = 439.316
update_compile_order -fileset sources_1
reset_run synth_1
INFO: [Project 1-1161] Replacing file C:/Users/jaeha/OneDrive - Singapore University of Technology and Design/SEM 6/Digital System Lab/Week 6/CMod_HandsOn_Stopwatch/CMod_HandsOn_Stopwatch.srcs/utils_1/imports/synth_1/top_module.dcp with file C:/Users/jaeha/OneDrive - Singapore University of Technology and Design/SEM 6/Digital System Lab/Week 6/CMod_HandsOn_Stopwatch/CMod_HandsOn_Stopwatch.runs/synth_1/top_module.dcp
launch_runs impl_1 -to_step write_bitstream -jobs 2
[Wed Mar 13 22:35:56 2024] Launched synth_1...
Run output will be captured here: C:/Users/jaeha/OneDrive - Singapore University of Technology and Design/SEM 6/Digital System Lab/Week 6/CMod_HandsOn_Stopwatch/CMod_HandsOn_Stopwatch.runs/synth_1/runme.log
[Wed Mar 13 22:35:56 2024] Launched impl_1...
Run output will be captured here: C:/Users/jaeha/OneDrive - Singapore University of Technology and Design/SEM 6/Digital System Lab/Week 6/CMod_HandsOn_Stopwatch/CMod_HandsOn_Stopwatch.runs/impl_1/runme.log
open_hw_manager
connect_hw_server -allow_non_jtag
INFO: [Labtools 27-2285] Connecting to hw_server url TCP:localhost:3121
INFO: [Labtools 27-2222] Launching hw_server...
INFO: [Labtools 27-2221] Launch Output:
ECHO is off.
ECHO is off.

****** Xilinx hw_server v2023.1
  **** Build date : May  7 2023 at 15:26:57
    ** Copyright 1986-2022 Xilinx, Inc. All Rights Reserved.


INFO: [Labtools 27-3415] Connecting to cs_server url TCP:localhost:0
INFO: [Labtools 27-3417] Launching cs_server...
INFO: [Labtools 27-2221] Launch Output:
ECHO is off.
ECHO is off.


******** Xilinx cs_server v2023.1.0
  ****** Build date   : Apr 10 2023-23:59:24
    **** Build number : 2023.1.1681142364
      ** Copyright 2017-2022 Xilinx, Inc. All Rights Reserved.
      ** Copyright 2022-2024 Advanced Micro Devices, Inc. All Rights Reserved.



connect_hw_server: Time (s): cpu = 00:00:01 ; elapsed = 00:00:06 . Memory (MB): peak = 1496.199 ; gain = 16.180
open_hw_target
INFO: [Labtoolstcl 44-466] Opening hw_target localhost:3121/xilinx_tcf/Digilent/210328B99808A
set_property PROGRAM.FILE {C:/Users/jaeha/OneDrive - Singapore University of Technology and Design/SEM 6/Digital System Lab/Week 6/CMod_HandsOn_Stopwatch/CMod_HandsOn_Stopwatch.runs/impl_1/top_module.bit} [get_hw_devices xc7a35t_0]
current_hw_device [get_hw_devices xc7a35t_0]
refresh_hw_device -update_hw_probes false [lindex [get_hw_devices xc7a35t_0] 0]
INFO: [Labtools 27-1434] Device xc7a35t (JTAG device index = 0) is programmed with a design that has no supported debug core(s) in it.
set_property PROBES.FILE {} [get_hw_devices xc7a35t_0]
set_property FULL_PROBES.FILE {} [get_hw_devices xc7a35t_0]
set_property PROGRAM.FILE {C:/Users/jaeha/OneDrive - Singapore University of Technology and Design/SEM 6/Digital System Lab/Week 6/CMod_HandsOn_Stopwatch/CMod_HandsOn_Stopwatch.runs/impl_1/top_module.bit} [get_hw_devices xc7a35t_0]
program_hw_devices [get_hw_devices xc7a35t_0]
INFO: [Labtools 27-3164] End of startup status: HIGH
refresh_hw_device [lindex [get_hw_devices xc7a35t_0] 0]
INFO: [Labtools 27-1434] Device xc7a35t (JTAG device index = 0) is programmed with a design that has no supported debug core(s) in it.
reset_run synth_1
INFO: [Project 1-1161] Replacing file C:/Users/jaeha/OneDrive - Singapore University of Technology and Design/SEM 6/Digital System Lab/Week 6/CMod_HandsOn_Stopwatch/CMod_HandsOn_Stopwatch.srcs/utils_1/imports/synth_1/top_module.dcp with file C:/Users/jaeha/OneDrive - Singapore University of Technology and Design/SEM 6/Digital System Lab/Week 6/CMod_HandsOn_Stopwatch/CMod_HandsOn_Stopwatch.runs/synth_1/top_module.dcp
launch_runs impl_1 -to_step write_bitstream -jobs 2
[Wed Mar 13 22:42:08 2024] Launched synth_1...
Run output will be captured here: C:/Users/jaeha/OneDrive - Singapore University of Technology and Design/SEM 6/Digital System Lab/Week 6/CMod_HandsOn_Stopwatch/CMod_HandsOn_Stopwatch.runs/synth_1/runme.log
[Wed Mar 13 22:42:08 2024] Launched impl_1...
Run output will be captured here: C:/Users/jaeha/OneDrive - Singapore University of Technology and Design/SEM 6/Digital System Lab/Week 6/CMod_HandsOn_Stopwatch/CMod_HandsOn_Stopwatch.runs/impl_1/runme.log
set_property PROBES.FILE {} [get_hw_devices xc7a35t_0]
set_property FULL_PROBES.FILE {} [get_hw_devices xc7a35t_0]
set_property PROGRAM.FILE {C:/Users/jaeha/OneDrive - Singapore University of Technology and Design/SEM 6/Digital System Lab/Week 6/CMod_HandsOn_Stopwatch/CMod_HandsOn_Stopwatch.runs/impl_1/top_module.bit} [get_hw_devices xc7a35t_0]
program_hw_devices [get_hw_devices xc7a35t_0]
INFO: [Labtools 27-3164] End of startup status: HIGH
refresh_hw_device [lindex [get_hw_devices xc7a35t_0] 0]
INFO: [Labtools 27-1434] Device xc7a35t (JTAG device index = 0) is programmed with a design that has no supported debug core(s) in it.
reset_run synth_1
INFO: [Project 1-1161] Replacing file C:/Users/jaeha/OneDrive - Singapore University of Technology and Design/SEM 6/Digital System Lab/Week 6/CMod_HandsOn_Stopwatch/CMod_HandsOn_Stopwatch.srcs/utils_1/imports/synth_1/top_module.dcp with file C:/Users/jaeha/OneDrive - Singapore University of Technology and Design/SEM 6/Digital System Lab/Week 6/CMod_HandsOn_Stopwatch/CMod_HandsOn_Stopwatch.runs/synth_1/top_module.dcp
launch_runs impl_1 -to_step write_bitstream -jobs 2
[Wed Mar 13 23:00:39 2024] Launched synth_1...
Run output will be captured here: C:/Users/jaeha/OneDrive - Singapore University of Technology and Design/SEM 6/Digital System Lab/Week 6/CMod_HandsOn_Stopwatch/CMod_HandsOn_Stopwatch.runs/synth_1/runme.log
[Wed Mar 13 23:00:39 2024] Launched impl_1...
Run output will be captured here: C:/Users/jaeha/OneDrive - Singapore University of Technology and Design/SEM 6/Digital System Lab/Week 6/CMod_HandsOn_Stopwatch/CMod_HandsOn_Stopwatch.runs/impl_1/runme.log
set_property PROBES.FILE {} [get_hw_devices xc7a35t_0]
set_property FULL_PROBES.FILE {} [get_hw_devices xc7a35t_0]
set_property PROGRAM.FILE {C:/Users/jaeha/OneDrive - Singapore University of Technology and Design/SEM 6/Digital System Lab/Week 6/CMod_HandsOn_Stopwatch/CMod_HandsOn_Stopwatch.runs/impl_1/top_module.bit} [get_hw_devices xc7a35t_0]
program_hw_devices [get_hw_devices xc7a35t_0]
INFO: [Labtools 27-3164] End of startup status: HIGH
refresh_hw_device [lindex [get_hw_devices xc7a35t_0] 0]
INFO: [Labtools 27-1434] Device xc7a35t (JTAG device index = 0) is programmed with a design that has no supported debug core(s) in it.
reset_run synth_1
INFO: [Project 1-1161] Replacing file C:/Users/jaeha/OneDrive - Singapore University of Technology and Design/SEM 6/Digital System Lab/Week 6/CMod_HandsOn_Stopwatch/CMod_HandsOn_Stopwatch.srcs/utils_1/imports/synth_1/top_module.dcp with file C:/Users/jaeha/OneDrive - Singapore University of Technology and Design/SEM 6/Digital System Lab/Week 6/CMod_HandsOn_Stopwatch/CMod_HandsOn_Stopwatch.runs/synth_1/top_module.dcp
launch_runs impl_1 -to_step write_bitstream -jobs 2
[Thu Mar 14 00:43:43 2024] Launched synth_1...
Run output will be captured here: C:/Users/jaeha/OneDrive - Singapore University of Technology and Design/SEM 6/Digital System Lab/Week 6/CMod_HandsOn_Stopwatch/CMod_HandsOn_Stopwatch.runs/synth_1/runme.log
[Thu Mar 14 00:43:43 2024] Launched impl_1...
Run output will be captured here: C:/Users/jaeha/OneDrive - Singapore University of Technology and Design/SEM 6/Digital System Lab/Week 6/CMod_HandsOn_Stopwatch/CMod_HandsOn_Stopwatch.runs/impl_1/runme.log
reset_run synth_1
launch_runs impl_1 -to_step write_bitstream -jobs 2
[Thu Mar 14 00:46:02 2024] Launched synth_1...
Run output will be captured here: C:/Users/jaeha/OneDrive - Singapore University of Technology and Design/SEM 6/Digital System Lab/Week 6/CMod_HandsOn_Stopwatch/CMod_HandsOn_Stopwatch.runs/synth_1/runme.log
[Thu Mar 14 00:46:02 2024] Launched impl_1...
Run output will be captured here: C:/Users/jaeha/OneDrive - Singapore University of Technology and Design/SEM 6/Digital System Lab/Week 6/CMod_HandsOn_Stopwatch/CMod_HandsOn_Stopwatch.runs/impl_1/runme.log
set_property PROBES.FILE {} [get_hw_devices xc7a35t_0]
set_property FULL_PROBES.FILE {} [get_hw_devices xc7a35t_0]
set_property PROGRAM.FILE {C:/Users/jaeha/OneDrive - Singapore University of Technology and Design/SEM 6/Digital System Lab/Week 6/CMod_HandsOn_Stopwatch/CMod_HandsOn_Stopwatch.runs/impl_1/top_module.bit} [get_hw_devices xc7a35t_0]
program_hw_devices [get_hw_devices xc7a35t_0]
INFO: [Labtools 27-3164] End of startup status: HIGH
refresh_hw_device [lindex [get_hw_devices xc7a35t_0] 0]
INFO: [Labtools 27-1434] Device xc7a35t (JTAG device index = 0) is programmed with a design that has no supported debug core(s) in it.
reset_run synth_1
INFO: [Project 1-1161] Replacing file C:/Users/jaeha/OneDrive - Singapore University of Technology and Design/SEM 6/Digital System Lab/Week 6/CMod_HandsOn_Stopwatch/CMod_HandsOn_Stopwatch.srcs/utils_1/imports/synth_1/top_module.dcp with file C:/Users/jaeha/OneDrive - Singapore University of Technology and Design/SEM 6/Digital System Lab/Week 6/CMod_HandsOn_Stopwatch/CMod_HandsOn_Stopwatch.runs/synth_1/top_module.dcp
launch_runs impl_1 -to_step write_bitstream -jobs 2
[Thu Mar 14 00:57:38 2024] Launched synth_1...
Run output will be captured here: C:/Users/jaeha/OneDrive - Singapore University of Technology and Design/SEM 6/Digital System Lab/Week 6/CMod_HandsOn_Stopwatch/CMod_HandsOn_Stopwatch.runs/synth_1/runme.log
[Thu Mar 14 00:57:38 2024] Launched impl_1...
Run output will be captured here: C:/Users/jaeha/OneDrive - Singapore University of Technology and Design/SEM 6/Digital System Lab/Week 6/CMod_HandsOn_Stopwatch/CMod_HandsOn_Stopwatch.runs/impl_1/runme.log
open_run impl_1
INFO: [Device 21-403] Loading part xc7a35tcpg236-1
Netlist sorting complete. Time (s): cpu = 00:00:00 ; elapsed = 00:00:00.001 . Memory (MB): peak = 1942.480 ; gain = 0.000
INFO: [Netlist 29-17] Analyzing 25 Unisim elements for replacement
INFO: [Netlist 29-28] Unisim Transformation completed in 0 CPU seconds
INFO: [Project 1-479] Netlist was created with Vivado 2023.1
INFO: [Project 1-570] Preparing netlist for logic optimization
INFO: [Timing 38-478] Restoring timing data from binary archive.
INFO: [Timing 38-479] Binary timing data restore complete.
INFO: [Project 1-856] Restoring constraints from binary archive.
INFO: [Project 1-853] Binary constraint restore complete.
Reading XDEF placement.
Reading placer database...
Reading XDEF routing.
Read XDEF Files: Time (s): cpu = 00:00:00 ; elapsed = 00:00:00.038 . Memory (MB): peak = 2635.984 ; gain = 0.000
Restored from archive | CPU: 0.000000 secs | Memory: 0.000000 MB |
Finished XDEF File Restore: Time (s): cpu = 00:00:00 ; elapsed = 00:00:00.039 . Memory (MB): peak = 2635.984 ; gain = 0.000
Netlist sorting complete. Time (s): cpu = 00:00:00 ; elapsed = 00:00:00.001 . Memory (MB): peak = 2635.984 ; gain = 0.000
INFO: [Project 1-111] Unisim Transformation Summary:
No Unisim elements were transformed.

open_run: Time (s): cpu = 00:00:16 ; elapsed = 00:00:14 . Memory (MB): peak = 2741.773 ; gain = 1146.309
set_property PROBES.FILE {} [get_hw_devices xc7a35t_0]
set_property FULL_PROBES.FILE {} [get_hw_devices xc7a35t_0]
set_property PROGRAM.FILE {C:/Users/jaeha/OneDrive - Singapore University of Technology and Design/SEM 6/Digital System Lab/Week 6/CMod_HandsOn_Stopwatch/CMod_HandsOn_Stopwatch.runs/impl_1/top_module.bit} [get_hw_devices xc7a35t_0]
program_hw_devices [get_hw_devices xc7a35t_0]
INFO: [Labtools 27-3164] End of startup status: HIGH
refresh_hw_device [lindex [get_hw_devices xc7a35t_0] 0]
INFO: [Labtools 27-1434] Device xc7a35t (JTAG device index = 0) is programmed with a design that has no supported debug core(s) in it.
reset_run synth_1
INFO: [Project 1-1161] Replacing file C:/Users/jaeha/OneDrive - Singapore University of Technology and Design/SEM 6/Digital System Lab/Week 6/CMod_HandsOn_Stopwatch/CMod_HandsOn_Stopwatch.srcs/utils_1/imports/synth_1/top_module.dcp with file C:/Users/jaeha/OneDrive - Singapore University of Technology and Design/SEM 6/Digital System Lab/Week 6/CMod_HandsOn_Stopwatch/CMod_HandsOn_Stopwatch.runs/synth_1/top_module.dcp
launch_runs impl_1 -to_step write_bitstream -jobs 2
[Thu Mar 14 01:06:26 2024] Launched synth_1...
Run output will be captured here: C:/Users/jaeha/OneDrive - Singapore University of Technology and Design/SEM 6/Digital System Lab/Week 6/CMod_HandsOn_Stopwatch/CMod_HandsOn_Stopwatch.runs/synth_1/runme.log
[Thu Mar 14 01:06:26 2024] Launched impl_1...
Run output will be captured here: C:/Users/jaeha/OneDrive - Singapore University of Technology and Design/SEM 6/Digital System Lab/Week 6/CMod_HandsOn_Stopwatch/CMod_HandsOn_Stopwatch.runs/impl_1/runme.log
set_property PROBES.FILE {} [get_hw_devices xc7a35t_0]
set_property FULL_PROBES.FILE {} [get_hw_devices xc7a35t_0]
set_property PROGRAM.FILE {C:/Users/jaeha/OneDrive - Singapore University of Technology and Design/SEM 6/Digital System Lab/Week 6/CMod_HandsOn_Stopwatch/CMod_HandsOn_Stopwatch.runs/impl_1/top_module.bit} [get_hw_devices xc7a35t_0]
program_hw_devices [get_hw_devices xc7a35t_0]
INFO: [Labtools 27-3164] End of startup status: HIGH
refresh_hw_device [lindex [get_hw_devices xc7a35t_0] 0]
INFO: [Labtools 27-1434] Device xc7a35t (JTAG device index = 0) is programmed with a design that has no supported debug core(s) in it.
reset_run synth_1
INFO: [Project 1-1161] Replacing file C:/Users/jaeha/OneDrive - Singapore University of Technology and Design/SEM 6/Digital System Lab/Week 6/CMod_HandsOn_Stopwatch/CMod_HandsOn_Stopwatch.srcs/utils_1/imports/synth_1/top_module.dcp with file C:/Users/jaeha/OneDrive - Singapore University of Technology and Design/SEM 6/Digital System Lab/Week 6/CMod_HandsOn_Stopwatch/CMod_HandsOn_Stopwatch.runs/synth_1/top_module.dcp
launch_runs impl_1 -to_step write_bitstream -jobs 2
[Thu Mar 14 01:09:41 2024] Launched synth_1...
Run output will be captured here: C:/Users/jaeha/OneDrive - Singapore University of Technology and Design/SEM 6/Digital System Lab/Week 6/CMod_HandsOn_Stopwatch/CMod_HandsOn_Stopwatch.runs/synth_1/runme.log
[Thu Mar 14 01:09:41 2024] Launched impl_1...
Run output will be captured here: C:/Users/jaeha/OneDrive - Singapore University of Technology and Design/SEM 6/Digital System Lab/Week 6/CMod_HandsOn_Stopwatch/CMod_HandsOn_Stopwatch.runs/impl_1/runme.log
set_property PROBES.FILE {} [get_hw_devices xc7a35t_0]
set_property FULL_PROBES.FILE {} [get_hw_devices xc7a35t_0]
set_property PROGRAM.FILE {C:/Users/jaeha/OneDrive - Singapore University of Technology and Design/SEM 6/Digital System Lab/Week 6/CMod_HandsOn_Stopwatch/CMod_HandsOn_Stopwatch.runs/impl_1/top_module.bit} [get_hw_devices xc7a35t_0]
program_hw_devices [get_hw_devices xc7a35t_0]
INFO: [Labtools 27-3164] End of startup status: HIGH
refresh_hw_device [lindex [get_hw_devices xc7a35t_0] 0]
INFO: [Labtools 27-1434] Device xc7a35t (JTAG device index = 0) is programmed with a design that has no supported debug core(s) in it.
reset_run synth_1
INFO: [Project 1-1161] Replacing file C:/Users/jaeha/OneDrive - Singapore University of Technology and Design/SEM 6/Digital System Lab/Week 6/CMod_HandsOn_Stopwatch/CMod_HandsOn_Stopwatch.srcs/utils_1/imports/synth_1/top_module.dcp with file C:/Users/jaeha/OneDrive - Singapore University of Technology and Design/SEM 6/Digital System Lab/Week 6/CMod_HandsOn_Stopwatch/CMod_HandsOn_Stopwatch.runs/synth_1/top_module.dcp
launch_runs impl_1 -to_step write_bitstream -jobs 2
[Thu Mar 14 01:36:11 2024] Launched synth_1...
Run output will be captured here: C:/Users/jaeha/OneDrive - Singapore University of Technology and Design/SEM 6/Digital System Lab/Week 6/CMod_HandsOn_Stopwatch/CMod_HandsOn_Stopwatch.runs/synth_1/runme.log
[Thu Mar 14 01:36:11 2024] Launched impl_1...
Run output will be captured here: C:/Users/jaeha/OneDrive - Singapore University of Technology and Design/SEM 6/Digital System Lab/Week 6/CMod_HandsOn_Stopwatch/CMod_HandsOn_Stopwatch.runs/impl_1/runme.log
set_property PROBES.FILE {} [get_hw_devices xc7a35t_0]
set_property FULL_PROBES.FILE {} [get_hw_devices xc7a35t_0]
set_property PROGRAM.FILE {C:/Users/jaeha/OneDrive - Singapore University of Technology and Design/SEM 6/Digital System Lab/Week 6/CMod_HandsOn_Stopwatch/CMod_HandsOn_Stopwatch.runs/impl_1/top_module.bit} [get_hw_devices xc7a35t_0]
program_hw_devices [get_hw_devices xc7a35t_0]
INFO: [Labtools 27-3164] End of startup status: HIGH
refresh_hw_device [lindex [get_hw_devices xc7a35t_0] 0]
INFO: [Labtools 27-1434] Device xc7a35t (JTAG device index = 0) is programmed with a design that has no supported debug core(s) in it.
reset_run synth_1
INFO: [Project 1-1161] Replacing file C:/Users/jaeha/OneDrive - Singapore University of Technology and Design/SEM 6/Digital System Lab/Week 6/CMod_HandsOn_Stopwatch/CMod_HandsOn_Stopwatch.srcs/utils_1/imports/synth_1/top_module.dcp with file C:/Users/jaeha/OneDrive - Singapore University of Technology and Design/SEM 6/Digital System Lab/Week 6/CMod_HandsOn_Stopwatch/CMod_HandsOn_Stopwatch.runs/synth_1/top_module.dcp
launch_runs impl_1 -to_step write_bitstream -jobs 2
[Thu Mar 14 01:42:48 2024] Launched synth_1...
Run output will be captured here: C:/Users/jaeha/OneDrive - Singapore University of Technology and Design/SEM 6/Digital System Lab/Week 6/CMod_HandsOn_Stopwatch/CMod_HandsOn_Stopwatch.runs/synth_1/runme.log
[Thu Mar 14 01:42:48 2024] Launched impl_1...
Run output will be captured here: C:/Users/jaeha/OneDrive - Singapore University of Technology and Design/SEM 6/Digital System Lab/Week 6/CMod_HandsOn_Stopwatch/CMod_HandsOn_Stopwatch.runs/impl_1/runme.log
set_property PROBES.FILE {} [get_hw_devices xc7a35t_0]
set_property FULL_PROBES.FILE {} [get_hw_devices xc7a35t_0]
set_property PROGRAM.FILE {C:/Users/jaeha/OneDrive - Singapore University of Technology and Design/SEM 6/Digital System Lab/Week 6/CMod_HandsOn_Stopwatch/CMod_HandsOn_Stopwatch.runs/impl_1/top_module.bit} [get_hw_devices xc7a35t_0]
program_hw_devices [get_hw_devices xc7a35t_0]
INFO: [Labtools 27-3164] End of startup status: HIGH
refresh_hw_device [lindex [get_hw_devices xc7a35t_0] 0]
INFO: [Labtools 27-1434] Device xc7a35t (JTAG device index = 0) is programmed with a design that has no supported debug core(s) in it.
reset_run synth_1
INFO: [Project 1-1161] Replacing file C:/Users/jaeha/OneDrive - Singapore University of Technology and Design/SEM 6/Digital System Lab/Week 6/CMod_HandsOn_Stopwatch/CMod_HandsOn_Stopwatch.srcs/utils_1/imports/synth_1/top_module.dcp with file C:/Users/jaeha/OneDrive - Singapore University of Technology and Design/SEM 6/Digital System Lab/Week 6/CMod_HandsOn_Stopwatch/CMod_HandsOn_Stopwatch.runs/synth_1/top_module.dcp
launch_runs impl_1 -to_step write_bitstream -jobs 2
[Thu Mar 14 03:01:46 2024] Launched synth_1...
Run output will be captured here: C:/Users/jaeha/OneDrive - Singapore University of Technology and Design/SEM 6/Digital System Lab/Week 6/CMod_HandsOn_Stopwatch/CMod_HandsOn_Stopwatch.runs/synth_1/runme.log
[Thu Mar 14 03:01:46 2024] Launched impl_1...
Run output will be captured here: C:/Users/jaeha/OneDrive - Singapore University of Technology and Design/SEM 6/Digital System Lab/Week 6/CMod_HandsOn_Stopwatch/CMod_HandsOn_Stopwatch.runs/impl_1/runme.log
set_property PROBES.FILE {} [get_hw_devices xc7a35t_0]
set_property FULL_PROBES.FILE {} [get_hw_devices xc7a35t_0]
set_property PROGRAM.FILE {C:/Users/jaeha/OneDrive - Singapore University of Technology and Design/SEM 6/Digital System Lab/Week 6/CMod_HandsOn_Stopwatch/CMod_HandsOn_Stopwatch.runs/impl_1/top_module.bit} [get_hw_devices xc7a35t_0]
program_hw_devices [get_hw_devices xc7a35t_0]
INFO: [Labtools 27-3164] End of startup status: HIGH
refresh_hw_device [lindex [get_hw_devices xc7a35t_0] 0]
INFO: [Labtools 27-1434] Device xc7a35t (JTAG device index = 0) is programmed with a design that has no supported debug core(s) in it.
reset_run synth_1
INFO: [Project 1-1161] Replacing file C:/Users/jaeha/OneDrive - Singapore University of Technology and Design/SEM 6/Digital System Lab/Week 6/CMod_HandsOn_Stopwatch/CMod_HandsOn_Stopwatch.srcs/utils_1/imports/synth_1/top_module.dcp with file C:/Users/jaeha/OneDrive - Singapore University of Technology and Design/SEM 6/Digital System Lab/Week 6/CMod_HandsOn_Stopwatch/CMod_HandsOn_Stopwatch.runs/synth_1/top_module.dcp
launch_runs impl_1 -to_step write_bitstream -jobs 2
[Thu Mar 14 03:05:11 2024] Launched synth_1...
Run output will be captured here: C:/Users/jaeha/OneDrive - Singapore University of Technology and Design/SEM 6/Digital System Lab/Week 6/CMod_HandsOn_Stopwatch/CMod_HandsOn_Stopwatch.runs/synth_1/runme.log
[Thu Mar 14 03:05:11 2024] Launched impl_1...
Run output will be captured here: C:/Users/jaeha/OneDrive - Singapore University of Technology and Design/SEM 6/Digital System Lab/Week 6/CMod_HandsOn_Stopwatch/CMod_HandsOn_Stopwatch.runs/impl_1/runme.log
set_property PROBES.FILE {} [get_hw_devices xc7a35t_0]
set_property FULL_PROBES.FILE {} [get_hw_devices xc7a35t_0]
set_property PROGRAM.FILE {C:/Users/jaeha/OneDrive - Singapore University of Technology and Design/SEM 6/Digital System Lab/Week 6/CMod_HandsOn_Stopwatch/CMod_HandsOn_Stopwatch.runs/impl_1/top_module.bit} [get_hw_devices xc7a35t_0]
program_hw_devices [get_hw_devices xc7a35t_0]
INFO: [Labtools 27-3164] End of startup status: HIGH
refresh_hw_device [lindex [get_hw_devices xc7a35t_0] 0]
INFO: [Labtools 27-1434] Device xc7a35t (JTAG device index = 0) is programmed with a design that has no supported debug core(s) in it.
exit
INFO: [Common 17-206] Exiting Vivado at Thu Mar 14 03:07:53 2024...
